<?xml version="1.0" encoding="UTF-8"?>
<!-- Generated by org.testng.reporters.JUnitXMLReporter -->
<testsuite ignored="0" hostname="LAPTOP-0RL4LT3R" failures="0" tests="5" name="Default test" time="126.126" errors="0" timestamp="24 Feb 2021 18:50:16 GMT">
  <testcase classname="com.qa.opencart.tests.LoginPageTest" name="verifyLoginPageTitle" time="0.049"/>
  <testcase classname="com.qa.opencart.tests.LoginPageTest" name="verifyNewCustomerBtn" time="0.159"/>
  <testcase classname="com.qa.opencart.tests.LoginPageTest" name="verifyForgotPwdLink" time="0.096"/>
  <testcase classname="com.qa.opencart.tests.LoginPageTest" name="verifyRegisterAccntText" time="0.126"/>
  <testcase classname="com.qa.opencart.tests.LoginPageTest" name="userLogin" time="4.54"/>
</testsuite> <!-- Default test -->
