<?xml version="1.0" encoding="UTF-8"?>
<testsuite xmlns:xsi="http://www.w3.org/2001/XMLSchema-instance" xsi:noNamespaceSchemaLocation="https://maven.apache.org/surefire/maven-surefire-plugin/xsd/surefire-test-report.xsd" name="TestSuite" time="144.746" tests="13" errors="0" skipped="0" failures="0">
  <properties>
[...]
</properties>
  <testcase name="verifyLoginPageTitleTest" classname="com.qa.opencart.tests.LoginPageTest" time="2.347"/>
  <testcase name="verifyNewCustomerBtnTest" classname="com.qa.opencart.tests.LoginPageTest" time="1.878"/>
  <testcase name="verifyForgotPwdLinkTest" classname="com.qa.opencart.tests.LoginPageTest" time="2.016"/>
  <testcase name="verifyRegisterAccntTextTest" classname="com.qa.opencart.tests.LoginPageTest" time="0.136"/>
  <testcase name="userLoginTest" classname="com.qa.opencart.tests.LoginPageTest" time="1.251"/>
  <testcase name="accountPageHeaderTest" classname="com.qa.opencart.tests.AccountsPageTest" time="2.808"/>
  <testcase name="accountsPageTitleTest" classname="com.qa.opencart.tests.AccountsPageTest" time="0.266"/>
  <testcase name="verifyMyAccountSectionsCountTest" classname="com.qa.opencart.tests.AccountsPageTest" time="0.29"/>
  <testcase name="verifyMyAccountsSectionsListTest" classname="com.qa.opencart.tests.AccountsPageTest" time="0.334"/>
  <testcase name="searchTest" classname="com.qa.opencart.tests.AccountsPageTest" time="6.459"/>
  <testcase name="ProductInfoPageTitleTest_iMac" classname="com.qa.opencart.tests.ProductInfoPageTest" time="11.582"/>
  <testcase name="verifyProductInfoTest_MacBook" classname="com.qa.opencart.tests.ProductInfoPageTest" time="10.997"/>
  <testcase name="verifyProductInfoTest_iMac" classname="com.qa.opencart.tests.ProductInfoPageTest" time="10.625"/>
</testsuite>