<?xml version="1.0" encoding="UTF-8"?>
<testng-results ignored="0" total="5" passed="5" failed="0" skipped="0">
  <reporter-output>
  </reporter-output>
  <suite started-at="2021-02-24T18:48:07Z" name="Default suite" finished-at="2021-02-24T18:50:14Z" duration-ms="126126">
    <groups>
    </groups>
    <test started-at="2021-02-24T18:48:07Z" name="Default test" finished-at="2021-02-24T18:50:14Z" duration-ms="126126">
      <class name="com.qa.opencart.tests.LoginPageTest">
        <test-method is-config="true" signature="setUp()[pri:0, instance:com.qa.opencart.tests.LoginPageTest@4416d64f]" started-at="2021-02-24T18:48:07Z" name="setUp" finished-at="2021-02-24T18:48:42Z" duration-ms="34168" status="PASS">
          <reporter-output>
          </reporter-output>
        </test-method> <!-- setUp -->
        <test-method signature="verifyLoginPageTitle()[pri:1, instance:com.qa.opencart.tests.LoginPageTest@4416d64f]" started-at="2021-02-24T18:48:42Z" name="verifyLoginPageTitle" finished-at="2021-02-24T18:48:42Z" duration-ms="49" status="PASS">
          <reporter-output>
          </reporter-output>
        </test-method> <!-- verifyLoginPageTitle -->
        <test-method is-config="true" signature="tearDown()[pri:0, instance:com.qa.opencart.tests.LoginPageTest@4416d64f]" started-at="2021-02-24T18:48:42Z" name="tearDown" finished-at="2021-02-24T18:48:43Z" duration-ms="1277" status="PASS">
          <reporter-output>
          </reporter-output>
        </test-method> <!-- tearDown -->
        <test-method is-config="true" signature="setUp()[pri:0, instance:com.qa.opencart.tests.LoginPageTest@4416d64f]" started-at="2021-02-24T18:48:43Z" name="setUp" finished-at="2021-02-24T18:49:04Z" duration-ms="21063" status="PASS">
          <reporter-output>
          </reporter-output>
        </test-method> <!-- setUp -->
        <test-method signature="verifyNewCustomerBtn()[pri:2, instance:com.qa.opencart.tests.LoginPageTest@4416d64f]" started-at="2021-02-24T18:49:04Z" name="verifyNewCustomerBtn" finished-at="2021-02-24T18:49:04Z" duration-ms="159" status="PASS">
          <reporter-output>
          </reporter-output>
        </test-method> <!-- verifyNewCustomerBtn -->
        <test-method is-config="true" signature="tearDown()[pri:0, instance:com.qa.opencart.tests.LoginPageTest@4416d64f]" started-at="2021-02-24T18:49:04Z" name="tearDown" finished-at="2021-02-24T18:49:05Z" duration-ms="939" status="PASS">
          <reporter-output>
          </reporter-output>
        </test-method> <!-- tearDown -->
        <test-method is-config="true" signature="setUp()[pri:0, instance:com.qa.opencart.tests.LoginPageTest@4416d64f]" started-at="2021-02-24T18:49:05Z" name="setUp" finished-at="2021-02-24T18:49:25Z" duration-ms="19739" status="PASS">
          <reporter-output>
          </reporter-output>
        </test-method> <!-- setUp -->
        <test-method signature="verifyForgotPwdLink()[pri:3, instance:com.qa.opencart.tests.LoginPageTest@4416d64f]" started-at="2021-02-24T18:49:25Z" name="verifyForgotPwdLink" finished-at="2021-02-24T18:49:25Z" duration-ms="96" status="PASS">
          <reporter-output>
          </reporter-output>
        </test-method> <!-- verifyForgotPwdLink -->
        <test-method is-config="true" signature="tearDown()[pri:0, instance:com.qa.opencart.tests.LoginPageTest@4416d64f]" started-at="2021-02-24T18:49:25Z" name="tearDown" finished-at="2021-02-24T18:49:26Z" duration-ms="1030" status="PASS">
          <reporter-output>
          </reporter-output>
        </test-method> <!-- tearDown -->
        <test-method is-config="true" signature="setUp()[pri:0, instance:com.qa.opencart.tests.LoginPageTest@4416d64f]" started-at="2021-02-24T18:49:26Z" name="setUp" finished-at="2021-02-24T18:49:46Z" duration-ms="19828" status="PASS">
          <reporter-output>
          </reporter-output>
        </test-method> <!-- setUp -->
        <test-method signature="verifyRegisterAccntText()[pri:4, instance:com.qa.opencart.tests.LoginPageTest@4416d64f]" started-at="2021-02-24T18:49:46Z" name="verifyRegisterAccntText" finished-at="2021-02-24T18:49:46Z" duration-ms="126" status="PASS">
          <reporter-output>
          </reporter-output>
        </test-method> <!-- verifyRegisterAccntText -->
        <test-method is-config="true" signature="tearDown()[pri:0, instance:com.qa.opencart.tests.LoginPageTest@4416d64f]" started-at="2021-02-24T18:49:46Z" name="tearDown" finished-at="2021-02-24T18:49:47Z" duration-ms="1120" status="PASS">
          <reporter-output>
          </reporter-output>
        </test-method> <!-- tearDown -->
        <test-method is-config="true" signature="setUp()[pri:0, instance:com.qa.opencart.tests.LoginPageTest@4416d64f]" started-at="2021-02-24T18:49:47Z" name="setUp" finished-at="2021-02-24T18:50:08Z" duration-ms="20742" status="PASS">
          <reporter-output>
          </reporter-output>
        </test-method> <!-- setUp -->
        <test-method signature="userLogin()[pri:5, instance:com.qa.opencart.tests.LoginPageTest@4416d64f]" started-at="2021-02-24T18:50:08Z" name="userLogin" finished-at="2021-02-24T18:50:12Z" duration-ms="4540" status="PASS">
          <reporter-output>
          </reporter-output>
        </test-method> <!-- userLogin -->
        <test-method is-config="true" signature="tearDown()[pri:0, instance:com.qa.opencart.tests.LoginPageTest@4416d64f]" started-at="2021-02-24T18:50:12Z" name="tearDown" finished-at="2021-02-24T18:50:14Z" duration-ms="1144" status="PASS">
          <reporter-output>
          </reporter-output>
        </test-method> <!-- tearDown -->
      </class> <!-- com.qa.opencart.tests.LoginPageTest -->
    </test> <!-- Default test -->
  </suite> <!-- Default suite -->
</testng-results>
