<?xml version="1.0" encoding="UTF-8"?>
<!-- Generated by org.testng.reporters.JUnitXMLReporter -->
<testsuite ignored="0" hostname="LAPTOP-0RL4LT3R" failures="1" tests="2" name="LoginPage Test" time="5.6" errors="0" timestamp="19 Mar 2021 11:25:04 GMT">
  <testcase classname="com.qa.opencart.base.BaseTest" name="@BeforeMethod setUp" time="4.085">
    <failure type="java.lang.NullPointerException" message="Cannot invoke &amp;quot;String.trim()&amp;quot; because the return value of &amp;quot;java.util.Properties.getProperty(String)&amp;quot; is null">
      <![CDATA[java.lang.NullPointerException: Cannot invoke "String.trim()" because the return value of "java.util.Properties.getProperty(String)" is null
at com.qa.opencart.utils.OptionsManager.getChromeOptions(OptionsManager.java:22)
at com.qa.opencart.base.BasePage.init_driver(BasePage.java:62)
at com.qa.opencart.base.BaseTest.setUp(BaseTest.java:38)
... Removed 28 stack frames]]>
    </failure>
  </testcase> <!-- @BeforeMethod setUp -->
  <testcase classname="com.qa.opencart.tests.LoginPageTest" name="verifyLoginPageTitleTest" time="0.0">
    <skipped/>
  </testcase> <!-- verifyLoginPageTitleTest -->
  <testcase classname="com.qa.opencart.tests.LoginPageTest" name="verifyLoginPageTitleTest" time="5.448">
    <failure type="java.lang.NullPointerException" message="Cannot invoke &amp;quot;org.openqa.selenium.TakesScreenshot.getScreenshotAs(org.openqa.selenium.OutputType)&amp;quot; because the return value of &amp;quot;com.qa.opencart.base.BasePage.getDriver()&amp;quot; is null">
      <![CDATA[java.lang.NullPointerException: Cannot invoke "org.openqa.selenium.TakesScreenshot.getScreenshotAs(org.openqa.selenium.OutputType)" because the return value of "com.qa.opencart.base.BasePage.getDriver()" is null
at com.qa.opencart.base.BasePage.getScreenshot(BasePage.java:174)
at com.qa.opencart.testlisteners.ExtentReportListener.onTestSkipped(ExtentReportListener.java:109)
... Removed 23 stack frames]]>
    </failure>
  </testcase> <!-- verifyLoginPageTitleTest -->
</testsuite> <!-- LoginPage Test -->
